The system is: Windows - 10.0.17763 - AMD64
Compiling the C compiler identification source file "CMakeCCompilerId.c" succeeded.
Compiler: C:/Program Files (x86)/Microsoft Visual Studio/2019/Community/VC/Tools/MSVC/14.22.27905/bin/HostX64/x64/cl.exe 
Build flags: 
Id flags:  

The output was:
0
Microsoft (R) C/C++ Optimizing Compiler Version 19.22.27905 for x64
Copyright (C) Microsoft Corporation.  All rights reserved.

CMakeCCompilerId.c
Microsoft (R) Incremental Linker Version 14.22.27905.0
Copyright (C) Microsoft Corporation.  All rights reserved.

/out:CMakeCCompilerId.exe 
CMakeCCompilerId.obj 


Compilation of the C compiler identification source "CMakeCCompilerId.c" produced "CMakeCCompilerId.exe"

Compilation of the C compiler identification source "CMakeCCompilerId.c" produced "CMakeCCompilerId.obj"

The C compiler identification is MSVC, found in "D:/My Projects/Winnow Project/Winnow64/Lib/zlib-1.2.11/out/build/x64-Release/CMakeFiles/3.14.19060802-MSVC_2/CompilerIdC/CMakeCCompilerId.exe"

Determining if the C compiler works passed with the following output:
Change Dir: D:/My Projects/Winnow Project/Winnow64/Lib/zlib-1.2.11/out/build/x64-Release/CMakeFiles/CMakeTmp

Run Build Command(s):C:/Program Files (x86)/Microsoft Visual Studio/2019/Community/Common7/IDE/CommonExtensions/Microsoft/CMake/Ninja/ninja.exe cmTC_c03f6 
[1/2] Building C object CMakeFiles\cmTC_c03f6.dir\testCCompiler.c.obj
[2/2] Linking C executable cmTC_c03f6.exe


Detecting C compiler ABI info compiled with the following output:
Change Dir: D:/My Projects/Winnow Project/Winnow64/Lib/zlib-1.2.11/out/build/x64-Release/CMakeFiles/CMakeTmp

Run Build Command(s):C:/Program Files (x86)/Microsoft Visual Studio/2019/Community/Common7/IDE/CommonExtensions/Microsoft/CMake/Ninja/ninja.exe cmTC_d55d7 
[1/2] Building C object CMakeFiles\cmTC_d55d7.dir\CMakeCCompilerABI.c.obj
[2/2] Linking C executable cmTC_d55d7.exe




Detecting C [] compiler features compiled with the following output:
Change Dir: D:/My Projects/Winnow Project/Winnow64/Lib/zlib-1.2.11/out/build/x64-Release/CMakeFiles/CMakeTmp

Run Build Command(s):C:/Program Files (x86)/Microsoft Visual Studio/2019/Community/Common7/IDE/CommonExtensions/Microsoft/CMake/Ninja/ninja.exe cmTC_f6c2e 
[1/2] Building C object CMakeFiles\cmTC_f6c2e.dir\feature_tests.c.obj
[2/2] Linking C executable cmTC_f6c2e.exe


    Feature record: C_FEATURE:1c_function_prototypes
    Feature record: C_FEATURE:1c_variadic_macros
Determining if the include file sys/types.h exists passed with the following output:
Change Dir: D:/My Projects/Winnow Project/Winnow64/Lib/zlib-1.2.11/out/build/x64-Release/CMakeFiles/CMakeTmp

Run Build Command(s):C:/Program Files (x86)/Microsoft Visual Studio/2019/Community/Common7/IDE/CommonExtensions/Microsoft/CMake/Ninja/ninja.exe cmTC_6ca76 
[1/2] Building C object CMakeFiles\cmTC_6ca76.dir\CheckIncludeFile.c.obj
[2/2] Linking C executable cmTC_6ca76.exe


Determining if the include file stdint.h exists passed with the following output:
Change Dir: D:/My Projects/Winnow Project/Winnow64/Lib/zlib-1.2.11/out/build/x64-Release/CMakeFiles/CMakeTmp

Run Build Command(s):C:/Program Files (x86)/Microsoft Visual Studio/2019/Community/Common7/IDE/CommonExtensions/Microsoft/CMake/Ninja/ninja.exe cmTC_e5767 
[1/2] Building C object CMakeFiles\cmTC_e5767.dir\CheckIncludeFile.c.obj
[2/2] Linking C executable cmTC_e5767.exe


Determining if the include file stddef.h exists passed with the following output:
Change Dir: D:/My Projects/Winnow Project/Winnow64/Lib/zlib-1.2.11/out/build/x64-Release/CMakeFiles/CMakeTmp

Run Build Command(s):C:/Program Files (x86)/Microsoft Visual Studio/2019/Community/Common7/IDE/CommonExtensions/Microsoft/CMake/Ninja/ninja.exe cmTC_b3a75 
[1/2] Building C object CMakeFiles\cmTC_b3a75.dir\CheckIncludeFile.c.obj
[2/2] Linking C executable cmTC_b3a75.exe


